<?xml version="1.0" encoding="UTF-8"?>
<testng-results ignored="0" total="1" passed="1" failed="0" skipped="0">
  <reporter-output>
  </reporter-output>
  <suite started-at="2024-11-25T23:31:40 IST" name="Default suite" finished-at="2024-11-25T23:31:59 IST" duration-ms="19360">
    <groups>
    </groups>
    <test started-at="2024-11-25T23:31:40 IST" name="Default test" finished-at="2024-11-25T23:31:59 IST" duration-ms="19360">
      <class name="com.tendable_automation_test.TopLevelMenuTest">
        <test-method is-config="true" signature="setUp()[pri:0, instance:com.tendable_automation_test.TopLevelMenuTest@34123d65]" started-at="2024-11-25T23:31:40 IST" name="setUp" finished-at="2024-11-25T23:31:54 IST" duration-ms="14208" status="PASS">
          <reporter-output>
          </reporter-output>
        </test-method> <!-- setUp -->
        <test-method signature="verifyTopLevelMenus()[pri:0, instance:com.tendable_automation_test.TopLevelMenuTest@34123d65]" started-at="2024-11-25T23:31:54 IST" name="verifyTopLevelMenus" finished-at="2024-11-25T23:31:58 IST" duration-ms="4284" status="PASS">
          <reporter-output>
          </reporter-output>
        </test-method> <!-- verifyTopLevelMenus -->
        <test-method is-config="true" signature="tearDown()[pri:0, instance:com.tendable_automation_test.TopLevelMenuTest@34123d65]" started-at="2024-11-25T23:31:58 IST" name="tearDown" finished-at="2024-11-25T23:31:59 IST" duration-ms="593" status="PASS">
          <reporter-output>
          </reporter-output>
        </test-method> <!-- tearDown -->
      </class> <!-- com.tendable_automation_test.TopLevelMenuTest -->
    </test> <!-- Default test -->
  </suite> <!-- Default suite -->
</testng-results>
